<?xml version="1.0" encoding="UTF-8"?>
<!-- Generated by org.testng.reporters.JUnitReportReporter -->
<testsuite hostname="DESKTOP-9CA997L" failures="0" tests="2" name="spicejet.SpiceJet" time="12.114" errors="0" timestamp="2025-03-20T21:58:17 IST" skipped="1">
  <testcase classname="spicejet.SpiceJet" name="redBus" time="12.114"/>
  <system-out/>
  <testcase classname="spicejet.SpiceJet" name="spiceJet">
    <skipped/>
  </testcase> <!-- spiceJet -->
  <system-out/>
</testsuite> <!-- spicejet.SpiceJet -->
