<?xml version="1.0" encoding="UTF-8"?>
<!-- Generated by org.testng.reporters.JUnitReportReporter -->
<testsuite hostname="DESKTOP-9CA997L" failures="0" tests="1" name="org.scriptRunner.Magben.MavenExample" time="9.536" errors="0" timestamp="2024-12-14T11:45:49 IST" skipped="0">
  <testcase classname="org.scriptRunner.Magben.MavenExample" name="run" time="9.536"/>
</testsuite> <!-- org.scriptRunner.Magben.MavenExample -->
