<?xml version="1.0" encoding="UTF-8"?>
<!-- Generated by org.testng.reporters.JUnitReportReporter -->
<testsuite hostname="DESKTOP-9CA997L" failures="0" tests="1" name="org.scriptRunner.Magben.Screenshot" time="5.415" errors="0" timestamp="2025-01-21T17:53:55 IST" skipped="0">
  <testcase classname="org.scriptRunner.Magben.Screenshot" name="takeScreenShot" time="5.415"/>
</testsuite> <!-- org.scriptRunner.Magben.Screenshot -->
